<?xml version="1.0" encoding="UTF-8"?>
<testng-results ignored="0" total="1" passed="1" failed="0" skipped="0">
  <reporter-output>
  </reporter-output>
  <suite started-at="2026-03-08T21:19:15 GMT+07:00" name="Demo Test Suite" finished-at="2026-03-08T21:20:08 GMT+07:00" duration-ms="53119">
    <groups>
    </groups>
    <test started-at="2026-03-08T21:19:15 GMT+07:00" name="Demo Test" finished-at="2026-03-08T21:20:08 GMT+07:00" duration-ms="53119">
      <class name="Main">
        <test-method is-config="true" signature="beforeMethod()[pri:0, instance:Main@475e586c]" started-at="2026-03-08T21:19:15 GMT+07:00" name="beforeMethod" finished-at="2026-03-08T21:19:24 GMT+07:00" duration-ms="8457" status="PASS">
          <reporter-output>
          </reporter-output>
        </test-method> <!-- beforeMethod -->
        <test-method signature="TC01()[pri:0, instance:Main@475e586c]" started-at="2026-03-08T21:19:24 GMT+07:00" name="TC01" description="TC01" finished-at="2026-03-08T21:20:08 GMT+07:00" duration-ms="44501" status="PASS">
          <reporter-output>
          </reporter-output>
        </test-method> <!-- TC01 -->
        <test-method is-config="true" signature="afterMethod()[pri:0, instance:Main@475e586c]" started-at="2026-03-08T21:20:08 GMT+07:00" name="afterMethod" finished-at="2026-03-08T21:20:08 GMT+07:00" duration-ms="140" status="PASS">
          <reporter-output>
          </reporter-output>
        </test-method> <!-- afterMethod -->
      </class> <!-- Main -->
    </test> <!-- Demo Test -->
  </suite> <!-- Demo Test Suite -->
</testng-results>
